<?xml version="1.0" encoding="UTF-8"?>
<testsuite xmlns:xsi="http://www.w3.org/2001/XMLSchema-instance" xsi:noNamespaceSchemaLocation="https://maven.apache.org/surefire/maven-surefire-plugin/xsd/surefire-test-report.xsd" version="3.0.2" name="com.self.PureSkyn.PureSkynApplicationTests" time="2.978" tests="1" errors="0" skipped="0" failures="0">
  <properties>
[...]
</properties>
  <testcase name="contextLoads" classname="com.self.PureSkyn.PureSkynApplicationTests" time="0.599">
    <system-out><![CDATA[02:11:52.766 [main] INFO org.springframework.test.context.support.AnnotationConfigContextLoaderUtils -- Could not detect default configuration classes for test class [com.self.PureSkyn.PureSkynApplicationTests]: PureSkynApplicationTests does not declare any static, non-private, non-final, nested classes annotated with @Configuration.
02:11:52.836 [main] INFO org.springframework.boot.test.context.SpringBootTestContextBootstrapper -- Found @SpringBootConfiguration com.self.PureSkyn.PureSkynApplication for test class com.self.PureSkyn.PureSkynApplicationTests

  .   ____          _            __ _ _
 /\\ / ___'_ __ _ _(_)_ __  __ _ \ \ \ \
( ( )\___ | '_ | '_| | '_ \/ _` | \ \ \ \
 \\/  ___)| |_)| | | | | || (_| |  ) ) ) )
  '  |____| .__|_| |_|_| |_\__, | / / / /
 =========|_|==============|___/=/_/_/_/

 :: Spring Boot ::                (v3.4.0)

2025-03-06T02:11:53.089+05:30  INFO 8021 --- [PureSkyn] [           main] c.s.PureSkyn.PureSkynApplicationTests    : Starting PureSkynApplicationTests using Java 23 with PID 8021 (started by ayush in /Users/ayush/Desktop/PureSkyn)
2025-03-06T02:11:53.090+05:30  INFO 8021 --- [PureSkyn] [           main] c.s.PureSkyn.PureSkynApplicationTests    : No active profile set, falling back to 1 default profile: "default"
2025-03-06T02:11:53.681+05:30  INFO 8021 --- [PureSkyn] [           main] .s.d.r.c.RepositoryConfigurationDelegate : Bootstrapping Spring Data MongoDB repositories in DEFAULT mode.
2025-03-06T02:11:53.730+05:30  INFO 8021 --- [PureSkyn] [           main] .s.d.r.c.RepositoryConfigurationDelegate : Finished Spring Data repository scanning in 45 ms. Found 10 MongoDB repository interfaces.
2025-03-06T02:11:54.075+05:30  INFO 8021 --- [PureSkyn] [           main] org.mongodb.driver.client                : MongoClient with metadata {"application": {"name": "PureSkyn"}, "driver": {"name": "mongo-java-driver|sync|spring-boot", "version": "5.2.1"}, "os": {"type": "Darwin", "name": "Mac OS X", "architecture": "aarch64", "version": "14.6.1"}, "platform": "Java/Oracle Corporation/23+37-2369"} created with settings MongoClientSettings{readPreference=primary, writeConcern=WriteConcern{w=majority, wTimeout=null ms, journal=null}, retryWrites=true, retryReads=true, readConcern=ReadConcern{level=null}, credential=MongoCredential{mechanism=null, userName='skynpure', source='admin', password=<hidden>, mechanismProperties=<hidden>}, transportSettings=null, commandListeners=[], codecRegistry=ProvidersCodecRegistry{codecProviders=[ValueCodecProvider{}, BsonValueCodecProvider{}, DBRefCodecProvider{}, DBObjectCodecProvider{}, DocumentCodecProvider{}, CollectionCodecProvider{}, IterableCodecProvider{}, MapCodecProvider{}, GeoJsonCodecProvider{}, GridFSFileCodecProvider{}, Jsr310CodecProvider{}, JsonObjectCodecProvider{}, BsonCodecProvider{}, EnumCodecProvider{}, com.mongodb.client.model.mql.ExpressionCodecProvider@b6bccb4, com.mongodb.Jep395RecordCodecProvider@49edcb30, com.mongodb.KotlinCodecProvider@59303963]}, loggerSettings=LoggerSettings{maxDocumentLength=1000}, clusterSettings={hosts=[127.0.0.1:27017], srvHost=pureskyn.zmf1q.mongodb.net, srvServiceName=mongodb, mode=MULTIPLE, requiredClusterType=REPLICA_SET, requiredReplicaSetName='atlas-vo421t-shard-0', serverSelector='null', clusterListeners='[]', serverSelectionTimeout='30000 ms', localThreshold='15 ms'}, socketSettings=SocketSettings{connectTimeoutMS=10000, readTimeoutMS=0, receiveBufferSize=0, proxySettings=ProxySettings{host=null, port=null, username=null, password=null}}, heartbeatSocketSettings=SocketSettings{connectTimeoutMS=10000, readTimeoutMS=10000, receiveBufferSize=0, proxySettings=ProxySettings{host=null, port=null, username=null, password=null}}, connectionPoolSettings=ConnectionPoolSettings{maxSize=100, minSize=0, maxWaitTimeMS=120000, maxConnectionLifeTimeMS=0, maxConnectionIdleTimeMS=0, maintenanceInitialDelayMS=0, maintenanceFrequencyMS=60000, connectionPoolListeners=[], maxConnecting=2}, serverSettings=ServerSettings{heartbeatFrequencyMS=10000, minHeartbeatFrequencyMS=500, serverMonitoringMode=AUTO, serverListeners='[]', serverMonitorListeners='[]'}, sslSettings=SslSettings{enabled=true, invalidHostNameAllowed=false, context=null}, applicationName='PureSkyn', compressorList=[], uuidRepresentation=JAVA_LEGACY, serverApi=null, autoEncryptionSettings=null, dnsClient=null, inetAddressResolver=null, contextProvider=null, timeoutMS=null}
2025-03-06T02:11:54.108+05:30  INFO 8021 --- [PureSkyn] [f1q.mongodb.net] org.mongodb.driver.cluster               : Adding discovered server pureskyn-shard-00-02.zmf1q.mongodb.net:27017 to client view of cluster
2025-03-06T02:11:54.132+05:30  INFO 8021 --- [PureSkyn] [f1q.mongodb.net] org.mongodb.driver.cluster               : Adding discovered server pureskyn-shard-00-00.zmf1q.mongodb.net:27017 to client view of cluster
2025-03-06T02:11:54.135+05:30  INFO 8021 --- [PureSkyn] [f1q.mongodb.net] org.mongodb.driver.cluster               : Adding discovered server pureskyn-shard-00-01.zmf1q.mongodb.net:27017 to client view of cluster
2025-03-06T02:11:54.444+05:30  INFO 8021 --- [PureSkyn] [           main] eAuthenticationProviderManagerConfigurer : Global AuthenticationManager configured with AuthenticationProvider bean with name authenticationProvider
2025-03-06T02:11:54.445+05:30  WARN 8021 --- [PureSkyn] [           main] r$InitializeUserDetailsManagerConfigurer : Global AuthenticationManager configured with an AuthenticationProvider bean. UserDetailsService beans will not be used by Spring Security for automatically configuring username/password login. Consider removing the AuthenticationProvider bean. Alternatively, consider using the UserDetailsService in a manually instantiated DaoAuthenticationProvider. If the current configuration is intentional, to turn off this warning, increase the logging level of 'org.springframework.security.config.annotation.authentication.configuration.InitializeUserDetailsBeanManagerConfigurer' to ERROR
2025-03-06T02:11:54.910+05:30  INFO 8021 --- [PureSkyn] [ngodb.net:27017] org.mongodb.driver.cluster               : Monitor thread successfully connected to server with description ServerDescription{address=pureskyn-shard-00-01.zmf1q.mongodb.net:27017, type=REPLICA_SET_SECONDARY, cryptd=false, state=CONNECTED, ok=true, minWireVersion=0, maxWireVersion=25, maxDocumentSize=16777216, logicalSessionTimeoutMinutes=30, roundTripTimeNanos=317743625, minRoundTripTimeNanos=0, setName='atlas-vo421t-shard-0', canonicalAddress=pureskyn-shard-00-01.zmf1q.mongodb.net:27017, hosts=[pureskyn-shard-00-00.zmf1q.mongodb.net:27017, pureskyn-shard-00-02.zmf1q.mongodb.net:27017, pureskyn-shard-00-01.zmf1q.mongodb.net:27017], passives=[], arbiters=[], primary='pureskyn-shard-00-02.zmf1q.mongodb.net:27017', tagSet=TagSet{[Tag{name='availabilityZone', value='aps1-az3'}, Tag{name='diskState', value='READY'}, Tag{name='nodeType', value='ELECTABLE'}, Tag{name='provider', value='AWS'}, Tag{name='region', value='AP_SOUTH_1'}, Tag{name='workloadType', value='OPERATIONAL'}]}, electionId=null, setVersion=169, topologyVersion=TopologyVersion{processId=67b9999d441960c3664d16cf, counter=5}, lastWriteDate=Thu Mar 06 02:11:54 IST 2025, lastUpdateTimeNanos=20970445102166}
2025-03-06T02:11:55.012+05:30  INFO 8021 --- [PureSkyn] [           main] c.s.PureSkyn.PureSkynApplicationTests    : Started PureSkynApplicationTests in 2.073 seconds (process running for 2.797)
2025-03-06T02:11:55.227+05:30  INFO 8021 --- [PureSkyn] [ngodb.net:27017] org.mongodb.driver.cluster               : Monitor thread successfully connected to server with description ServerDescription{address=pureskyn-shard-00-02.zmf1q.mongodb.net:27017, type=REPLICA_SET_PRIMARY, cryptd=false, state=CONNECTED, ok=true, minWireVersion=0, maxWireVersion=25, maxDocumentSize=16777216, logicalSessionTimeoutMinutes=30, roundTripTimeNanos=120247333, minRoundTripTimeNanos=0, setName='atlas-vo421t-shard-0', canonicalAddress=pureskyn-shard-00-02.zmf1q.mongodb.net:27017, hosts=[pureskyn-shard-00-00.zmf1q.mongodb.net:27017, pureskyn-shard-00-02.zmf1q.mongodb.net:27017, pureskyn-shard-00-01.zmf1q.mongodb.net:27017], passives=[], arbiters=[], primary='pureskyn-shard-00-02.zmf1q.mongodb.net:27017', tagSet=TagSet{[Tag{name='availabilityZone', value='aps1-az2'}, Tag{name='diskState', value='READY'}, Tag{name='nodeType', value='ELECTABLE'}, Tag{name='provider', value='AWS'}, Tag{name='region', value='AP_SOUTH_1'}, Tag{name='workloadType', value='OPERATIONAL'}]}, electionId=7fffffff0000000000000095, setVersion=169, topologyVersion=TopologyVersion{processId=67b99744afc20b6e485e5ace, counter=9}, lastWriteDate=Thu Mar 06 02:11:54 IST 2025, lastUpdateTimeNanos=20970762749791}
2025-03-06T02:11:55.231+05:30  INFO 8021 --- [PureSkyn] [ngodb.net:27017] org.mongodb.driver.cluster               : Discovered replica set primary pureskyn-shard-00-02.zmf1q.mongodb.net:27017 with max election id 7fffffff0000000000000095 and max set version 169
2025-03-06T02:11:55.307+05:30  INFO 8021 --- [PureSkyn] [ngodb.net:27017] org.mongodb.driver.cluster               : Monitor thread successfully connected to server with description ServerDescription{address=pureskyn-shard-00-00.zmf1q.mongodb.net:27017, type=REPLICA_SET_SECONDARY, cryptd=false, state=CONNECTED, ok=true, minWireVersion=0, maxWireVersion=25, maxDocumentSize=16777216, logicalSessionTimeoutMinutes=30, roundTripTimeNanos=107862792, minRoundTripTimeNanos=0, setName='atlas-vo421t-shard-0', canonicalAddress=pureskyn-shard-00-00.zmf1q.mongodb.net:27017, hosts=[pureskyn-shard-00-00.zmf1q.mongodb.net:27017, pureskyn-shard-00-02.zmf1q.mongodb.net:27017, pureskyn-shard-00-01.zmf1q.mongodb.net:27017], passives=[], arbiters=[], primary='pureskyn-shard-00-02.zmf1q.mongodb.net:27017', tagSet=TagSet{[Tag{name='availabilityZone', value='aps1-az1'}, Tag{name='diskState', value='READY'}, Tag{name='nodeType', value='ELECTABLE'}, Tag{name='provider', value='AWS'}, Tag{name='region', value='AP_SOUTH_1'}, Tag{name='workloadType', value='OPERATIONAL'}]}, electionId=null, setVersion=169, topologyVersion=TopologyVersion{processId=67b99842e3106a1d1dba77a0, counter=5}, lastWriteDate=Thu Mar 06 02:11:55 IST 2025, lastUpdateTimeNanos=20970843099291}
]]></system-out>
    <system-err><![CDATA[Mockito is currently self-attaching to enable the inline-mock-maker. This will no longer work in future releases of the JDK. Please add Mockito as an agent to your build what is described in Mockito's documentation: https://javadoc.io/doc/org.mockito/mockito-core/latest/org/mockito/Mockito.html#0.3
WARNING: A Java agent has been loaded dynamically (/Users/ayush/.m2/repository/net/bytebuddy/byte-buddy-agent/1.15.10/byte-buddy-agent-1.15.10.jar)
WARNING: If a serviceability tool is in use, please run with -XX:+EnableDynamicAgentLoading to hide this warning
WARNING: If a serviceability tool is not in use, please run with -Djdk.instrument.traceUsage for more information
WARNING: Dynamic loading of agents will be disallowed by default in a future release
]]></system-err>
  </testcase>
</testsuite>